<?xml version="1.0" encoding="UTF-8"?>
<results version="2">
  <cppcheck version="1.82"/>
  <errors>
    <error id="noExplicitConstructor" severity="style" msg="Class &apos;ErrorClass&apos; has a constructor with 1 argument that is not explicit." verbose="Class &apos;ErrorClass&apos; has a constructor with 1 argument that is not explicit. Such constructors should in general be explicit for type safety reasons. Using the explicit keyword in the constructor means some mistakes when using the class can be avoided." cwe="398">
      <location file0="/home/osboxes/Development/jenkins-errors/ErrorClass.cpp" file="/home/osboxes/Development/jenkins-errors/ErrorClass.h" line="12"/>
    </error>
    <error id="unusedFunction" severity="style" msg="The function &apos;overrideMethod&apos; is never used." verbose="The function &apos;overrideMethod&apos; is never used." cwe="561">
      <location file="/home/osboxes/Development/jenkins-errors/ErrorClass.cpp" line="11"/>
    </error>
    <error id="missingIncludeSystem" severity="information" msg="Cppcheck cannot find all the include files (use --check-config for details)" verbose="Cppcheck cannot find all the include files. Cppcheck can check the code without the include files found. But the results will probably be more accurate if all the include files are found. Please check your project&apos;s include directories and add all of them as include directories for Cppcheck. To see what files Cppcheck cannot find use --check-config."/>
  </errors>
</results>
