<?xml version="1.0" encoding="UTF-8"?>
<testsuite xmlns:xsi="http://www.w3.org/2001/XMLSchema-instance" xsi:noNamespaceSchemaLocation="https://maven.apache.org/surefire/maven-surefire-plugin/xsd/surefire-test-report-3.0.xsd" version="3.0" name="edu.hm.hafner.analysis.parser.SonarQubeDiffParserTest" time="0.02" tests="5" errors="1" skipped="0" failures="0">
  <properties>
[...]
</properties>
  <testcase name="shouldBeSerializable" classname="edu.hm.hafner.analysis.parser.SonarQubeDiffParserTest" time="0"/>
  <testcase name="shouldParseEmptyFile" classname="edu.hm.hafner.analysis.parser.SonarQubeDiffParserTest" time="0">
    <error type="org.json.JSONException"><![CDATA[org.json.JSONException: Missing value at 0 [character 1 line 1]
]]></error>
  </testcase>
  <testcase name="shouldParseAllIssues" classname="edu.hm.hafner.analysis.parser.SonarQubeDiffParserTest" time="0.008"/>
  <testcase name="reportDifferentialMultiModuleTest" classname="edu.hm.hafner.analysis.parser.SonarQubeDiffParserTest" time="0.002"/>
  <testcase name="shouldAcceptDifferentialFile" classname="edu.hm.hafner.analysis.parser.SonarQubeDiffParserTest" time="0.01"/>
</testsuite>