<?xml version="1.0" encoding="UTF-8"?>
<testsuite xmlns:xsi="http://www.w3.org/2001/XMLSchema-instance" xsi:noNamespaceSchemaLocation="https://maven.apache.org/surefire/maven-surefire-plugin/xsd/surefire-test-report-3.0.xsd" version="3.0" name="edu.hm.hafner.analysis.parser.IarParserTest" time="0.036" tests="5" errors="0" skipped="1" failures="0">
  <properties>
[...]
</properties>
  <testcase name="shouldBeSerializable" classname="edu.hm.hafner.analysis.parser.IarParserTest" time="0.001"/>
  <testcase name="shouldParseAllIssues" classname="edu.hm.hafner.analysis.parser.IarParserTest" time="0.012"/>
  <testcase name="issue58159Utf8" classname="edu.hm.hafner.analysis.parser.IarParserTest" time="0.014"/>
  <testcase name="issue58159Utf16" classname="edu.hm.hafner.analysis.parser.IarParserTest" time="0">
    <skipped message="See JENKINS-58159 - Windows does not find all warnings - is the report file corrupt?"/>
  </testcase>
  <testcase name="issue55750" classname="edu.hm.hafner.analysis.parser.IarParserTest" time="0.006"/>
</testsuite>
